Quick-Cocos2dx-Community C++ support ready.

------------------------------------------------

LOAD LUA FILE: D:/24977/Desktop/dargon/demo/src/main.lua

------------------------------------------------

[LUA-print] ===========================================================

[LUA-print]               LOAD QUICK FRAMEWORK

[LUA-print] ===========================================================

[LUA-print] [INFO] 

[LUA-print] [INFO] # DEBUG                        = 1

[LUA-print] [INFO] #

[LUA-print] [INFO] # device.platform              = windows

[LUA-print] [INFO] # device.model                 = unknown

[LUA-print] [INFO] # device.language              = cn

[LUA-print] [INFO] # device.writablePath          = D:\24977\Desktop\dargon\demo\

[LUA-print] [INFO] # device.directorySeparator    = \

[LUA-print] [INFO] # device.pathSeparator         = ;

[LUA-print] [INFO] #

[LUA-print] [INFO] # CONFIG_SCREEN_AUTOSCALE      = FIXED_HEIGHT

[LUA-print] [INFO] # CONFIG_SCREEN_WIDTH          = 720.00

[LUA-print] [INFO] # CONFIG_SCREEN_HEIGHT         = 1280.00

[LUA-print] [INFO] # display.widthInPixels        = 720.00

[LUA-print] [INFO] # display.heightInPixels       = 1280.00

[LUA-print] [INFO] # display.contentScaleFactor   = 1.00

[LUA-print] [INFO] # display.width                = 720.00

[LUA-print] [INFO] # display.height               = 1280.00

[LUA-print] [INFO] # display.cx                   = 360.00

[LUA-print] [INFO] # display.cy                   = 640.00

[LUA-print] [INFO] # display.left                 = 0.00

[LUA-print] [INFO] # display.right                = 720.00

[LUA-print] [INFO] # display.top                  = 1280.00

[LUA-print] [INFO] # display.bottom               = 0.00

[LUA-print] [INFO] # display.c_left               = -360.00

[LUA-print] [INFO] # display.c_right              = 360.00

[LUA-print] [INFO] # display.c_top                = 640.00

[LUA-print] [INFO] # display.c_bottom             = -640.00

[LUA-print] [INFO] #

[LUA-print] began init card

[LUA-print] end init card

[LUA-print] init

[LUA-print] 客户端接收到了	Connecting

[LUA-print] connecting ...

[LUA-print] WAIT .... 

[Edit text] content size = (390.000000, 60.000000)

[Edit text] content size = (390.000000, 60.000000)

[Edit text] content size = (390.000000, 60.000000)

[Edit text] content size = (390.000000, 60.000000)

[Edit text] content size = (390.000000, 60.000000)

[Edit text] content size = (390.000000, 60.000000)

[LUA-print] 客户端接收到了	Connected

[LUA-print] connected. now can send

[LUA-print] 客户端接收到了	Data

[LUA-print] init

[LUA-print] 客户端接收到了	Data

[LUA-print] <var> = {
    data = {
        cardGroup = {
            1 = {
                level = 1,
                pieceNum = 100,
            },
            10 = {
                level = 3,
                pieceNum = 20,
            },
            11 = {
                level = 5,
                pieceNum = 0,
            },
            12 = {
                level = 5,
                pieceNum = 0,
            },
            13 = {
                level = 9,
                pieceNum = 0,
            },
            14 = {
                level = 3,
                pieceNum = 0,
            },
            15 = {
                level = 3,
                pieceNum = 0,
            },
            16 = {
                level = 5,
                pieceNum = 0,
            },
            17 = {
                level = 5,
                pieceNum = 0,
            },
            18 = {
                level = 1,
                pieceNum = 0,
            },
            19 = {
                level = 9,
                pieceNum = 0,
            },
            2 = {
                level = 5,
                pieceNum = 5,
            },
            20 = {
                level = 1,
                pieceNum = 0,
            },
            3 = {
                level = 3,
                pieceNum = 20,
            },
            4 = {
                level = 1,
                pieceNum = 100,
            },
            5 = {
                level = 9,
                pieceNum = 0,
            },
            6 = {
                level = 9,
                pieceNum = 0,
            },
            7 = {
                level = 1,
                pieceNum = 0,
            },
            8 = {
                level = 5,
                pieceNum = 0,
            },
            9 = {
                level = 1,
                pieceNum = 0,
            },
        },
        currentGroupOne = {
            1 = 1,
            2 = 2,
            3 = 3,
            4 = 4,
            5 = 10,
        },
        currentGroupThree = {
            1 = 1,
            2 = 2,
            3 = 3,
            4 = 4,
            5 = 10,
        },
        currentGroupTwo = {
            1 = 1,
            2 = 2,
            3 = 3,
            4 = 4,
            5 = 10,
        },
        diamond = 100,
        fightGroupIndex = 1,
        gold = 10000,
        headPortrait = "image/lobby/top/default_avatar.png",
        integral = 0,
        ladderAward = {
            1 = false,
            10 = false,
            2 = false,
            3 = false,
            4 = false,
            5 = false,
            6 = false,
            7 = false,
            8 = false,
            9 = false,
        },
        nick = "123",
        pid = 114515,
        pwd = "123",
        sid = 1,
        type = 9,
    },
    type = 5,
}

[LUA-print] init

[LUA-print] 客户端接收到了	Data

[LUA-print] init

[LUA-print] 客户端接收到了	Data

[LUA-print] Mapping succeed!

[LUA-print] 1

[LUA-print] userdata: 0x0c29d5c0

[LUA-print] userdata: 0x0c29dc38

[LUA-print] userdata: 0x0c29dfa0

[LUA-print] userdata: 0x0c29e2c8

[LUA-print] userdata: 0x0c29e5f0

[LUA-print] 客户端接收到了	Data

[LUA-print] This is a sync from server!

[LUA-print] ssssssssssssssss gamedata update  sssssssss

[LUA-print] ----- player update -----

[LUA-print] ----- create enemy -----

[LUA-print] ----- player update -----

[LUA-print] ----- create enemy -----

[LUA-print] ssssssssssssssss gamedata update  sssssssss

[LUA-print] ssssssssssssssss gamedata update  sssssssss

[LUA-print] ssssssssssssssss gamedata update  sssssssss

[LUA-print] 客户端接收到了	Data

[LUA-print] This is a sync from server!

[LUA-print] ssssssssssssssss gamedata update  sssssssss

[LUA-print] ----- player update -----

[LUA-print] ----- player update -----

[LUA-print] ssssssssssssssss gamedata update  sssssssss

[LUA-print] ssssssssssssssss gamedata update  sssssssss

[LUA-print] ssssssssssssssss gamedata update  sssssssss

[LUA-print] 客户端接收到了	Data

[LUA-print] This is a sync from server!

[LUA-print] ssssssssssssssss gamedata update  sssssssss

[LUA-print] ----- player update -----

[LUA-print] ----- player update -----

[LUA-print] ssssssssssssssss gamedata update  sssssssss

[LUA-print] ssssssssssssssss gamedata update  sssssssss

[LUA-print] ssssssssssssssss gamedata update  sssssssss

[LUA-print] 客户端接收到了	Data

[LUA-print] This is a sync from server!

[LUA-print] ssssssssssssssss gamedata update  sssssssss

[LUA-print] ----- player update -----

[LUA-print] ----- player update -----

[LUA-print] ssssssssssssssss gamedata update  sssssssss

[LUA-print] ssssssssssssssss gamedata update  sssssssss

[LUA-print] ssssssssssssssss gamedata update  sssssssss

[LUA-print] 客户端接收到了	Data

[LUA-print] This is a sync from server!

[LUA-print] ssssssssssssssss gamedata update  sssssssss

[LUA-print] ----- player update -----

[LUA-print] ----- player update -----

[LUA-print] ssssssssssssssss gamedata update  sssssssss

[LUA-print] ssssssssssssssss gamedata update  sssssssss

[LUA-print] ssssssssssssssss gamedata update  sssssssss

[LUA-print] 客户端接收到了	Data

[LUA-print] This is a sync from server!

[LUA-print] ssssssssssssssss gamedata update  sssssssss

[LUA-print] ----- player update -----

[LUA-print] ----- player update -----

[LUA-print] ssssssssssssssss gamedata update  sssssssss

[LUA-print] ssssssssssssssss gamedata update  sssssssss

[LUA-print] ssssssssssssssss gamedata update  sssssssss

[LUA-print] 客户端接收到了	Data

[LUA-print] This is a sync from server!

[LUA-print] ssssssssssssssss gamedata update  sssssssss

[LUA-print] ----- player update -----

[LUA-print] ----- player update -----

[LUA-print] ssssssssssssssss gamedata update  sssssssss

[LUA-print] ssssssssssssssss gamedata update  sssssssss

[LUA-print] ssssssssssssssss gamedata update  sssssssss

[LUA-print] 客户端接收到了	Data

[LUA-print] This is a sync from server!

[LUA-print] ssssssssssssssss gamedata update  sssssssss

[LUA-print] ----- player update -----

[LUA-print] ----- player update -----

[LUA-print] ssssssssssssssss gamedata update  sssssssss

[LUA-print] ssssssssssssssss gamedata update  sssssssss

[LUA-print] ssssssssssssssss gamedata update  sssssssss

[LUA-print] 客户端接收到了	Data

[LUA-print] This is a sync from server!

[LUA-print] ssssssssssssssss gamedata update  sssssssss

[LUA-print] ----- player update -----

[LUA-print] ----- player update -----

[LUA-print] ssssssssssssssss gamedata update  sssssssss

[LUA-print] ssssssssssssssss gamedata update  sssssssss

[LUA-print] ssssssssssssssss gamedata update  sssssssss

[LUA-print] 客户端接收到了	Data

[LUA-print] This is a sync from server!

[LUA-print] ssssssssssssssss gamedata update  sssssssss

[LUA-print] ----- player update -----

[LUA-print] ----- player update -----

[LUA-print] ssssssssssssssss gamedata update  sssssssss

[LUA-print] ssssssssssssssss gamedata update  sssssssss

[LUA-print] ssssssssssssssss gamedata update  sssssssss

[LUA-print] 客户端接收到了	Data

[LUA-print] This is a sync from server!

[LUA-print] ssssssssssssssss gamedata update  sssssssss

[LUA-print] ----- player update -----

[LUA-print] ----- player update -----

[LUA-print] ssssssssssssssss gamedata update  sssssssss

[LUA-print] ssssssssssssssss gamedata update  sssssssss

[LUA-print] ssssssssssssssss gamedata update  sssssssss

[LUA-print] 客户端接收到了	Data

[LUA-print] This is a sync from server!

[LUA-print] ssssssssssssssss gamedata update  sssssssss

[LUA-print] ----- player update -----

[LUA-print] ----- player update -----

[LUA-print] ssssssssssssssss gamedata update  sssssssss

[LUA-print] ssssssssssssssss gamedata update  sssssssss

[LUA-print] ssssssssssssssss gamedata update  sssssssss

[LUA-print] 客户端接收到了	Data

[LUA-print] This is a sync from server!

[LUA-print] ssssssssssssssss gamedata update  sssssssss

[LUA-print] ----- player update -----

[LUA-print] ----- player update -----

[LUA-print] ssssssssssssssss gamedata update  sssssssss

[LUA-print] ssssssssssssssss gamedata update  sssssssss

[LUA-print] ssssssssssssssss gamedata update  sssssssss

[LUA-print] 客户端接收到了	Data

[LUA-print] This is a sync from server!

[LUA-print] ssssssssssssssss gamedata update  sssssssss

[LUA-print] ----- player update -----

[LUA-print] ----- create enemy -----

[LUA-print] ----- player update -----

[LUA-print] ----- create enemy -----

[LUA-print] ssssssssssssssss gamedata update  sssssssss

[LUA-print] ssssssssssssssss gamedata update  sssssssss

[LUA-print] ssssssssssssssss gamedata update  sssssssss

[LUA-print] 客户端接收到了	Data

[LUA-print] This is a sync from server!

[LUA-print] ssssssssssssssss gamedata update  sssssssss

[LUA-print] ----- player update -----

[LUA-print] ----- player update -----

[LUA-print] ssssssssssssssss gamedata update  sssssssss

[LUA-print] ----- create hurt -----

[LUA-print] ----- add hurt -----

[LUA-print] 20

[LUA-print] ssssssssssssssss gamedata update  sssssssss

[LUA-print] ssssssssssssssss gamedata update  sssssssss

[LUA-print] 客户端接收到了	Data

[LUA-print] This is a sync from server!

[LUA-print] ssssssssssssssss gamedata update  sssssssss

[LUA-print] ----- player update -----

[LUA-print] ----- player update -----

[LUA-print] ssssssssssssssss gamedata update  sssssssss

[LUA-print] ssssssssssssssss gamedata update  sssssssss

[LUA-print] ssssssssssssssss gamedata update  sssssssss

[LUA-print] 客户端接收到了	Data

[LUA-print] This is a sync from server!

[LUA-print] ssssssssssssssss gamedata update  sssssssss

[LUA-print] ----- player update -----

[LUA-print] ----- player update -----

[LUA-print] ssssssssssssssss gamedata update  sssssssss

[LUA-print] ssssssssssssssss gamedata update  sssssssss

[LUA-print] ssssssssssssssss gamedata update  sssssssss

[LUA-print] 客户端接收到了	Data

[LUA-print] This is a sync from server!

[LUA-print] ssssssssssssssss gamedata update  sssssssss

[LUA-print] ----- player update -----

[LUA-print] ----- player update -----

[LUA-print] ssssssssssssssss gamedata update  sssssssss

[LUA-print] ssssssssssssssss gamedata update  sssssssss

[LUA-print] ssssssssssssssss gamedata update  sssssssss

[LUA-print] 客户端接收到了	Data

[LUA-print] This is a sync from server!

[LUA-print] ssssssssssssssss gamedata update  sssssssss

[LUA-print] ----- player update -----

[LUA-print] ----- player update -----

[LUA-print] ssssssssssssssss gamedata update  sssssssss

[LUA-print] ssssssssssssssss gamedata update  sssssssss

[LUA-print] ssssssssssssssss gamedata update  sssssssss

[LUA-print] 客户端接收到了	Data

[LUA-print] This is a sync from server!

[LUA-print] ssssssssssssssss gamedata update  sssssssss

[LUA-print] ----- player update -----

[LUA-print] ----- player update -----

[LUA-print] ssssssssssssssss gamedata update  sssssssss

[LUA-print] ssssssssssssssss gamedata update  sssssssss

[LUA-print] ssssssssssssssss gamedata update  sssssssss

[LUA-print] 客户端接收到了	Data

[LUA-print] This is a sync from server!

[LUA-print] ssssssssssssssss gamedata update  sssssssss

[LUA-print] ----- player update -----

[LUA-print] ----- player update -----

[LUA-print] ssssssssssssssss gamedata update  sssssssss

[LUA-print] ssssssssssssssss gamedata update  sssssssss

[LUA-print] ssssssssssssssss gamedata update  sssssssss

[LUA-print] 客户端接收到了	Data

[LUA-print] This is a sync from server!

[LUA-print] ssssssssssssssss gamedata update  sssssssss

[LUA-print] ----- player update -----

[LUA-print] ----- player update -----

[LUA-print] ssssssssssssssss gamedata update  sssssssss

[LUA-print] ssssssssssssssss gamedata update  sssssssss

[LUA-print] ssssssssssssssss gamedata update  sssssssss

[LUA-print] 客户端接收到了	Data

[LUA-print] This is a sync from server!

[LUA-print] ssssssssssssssss gamedata update  sssssssss

[LUA-print] ----- player update -----

[LUA-print] ----- player update -----

[LUA-print] ssssssssssssssss gamedata update  sssssssss

[LUA-print] ----- create hurt -----

[LUA-print] ----- add hurt -----

[LUA-print] 20

[LUA-print] ssssssssssssssss gamedata update  sssssssss

[LUA-print] ssssssssssssssss gamedata update  sssssssss

[LUA-print] 客户端接收到了	Data

[LUA-print] This is a sync from server!

[LUA-print] ssssssssssssssss gamedata update  sssssssss

[LUA-print] ----- player update -----

[LUA-print] ----- player update -----

[LUA-print] ssssssssssssssss gamedata update  sssssssss

[LUA-print] ssssssssssssssss gamedata update  sssssssss

[LUA-print] ssssssssssssssss gamedata update  sssssssss

[LUA-print] 客户端接收到了	Data

[LUA-print] This is a sync from server!

[LUA-print] ssssssssssssssss gamedata update  sssssssss

[LUA-print] ----- player update -----

[LUA-print] ----- player update -----

[LUA-print] ssssssssssssssss gamedata update  sssssssss

[LUA-print] ssssssssssssssss gamedata update  sssssssss

[LUA-print] ssssssssssssssss gamedata update  sssssssss

[LUA-print] 客户端接收到了	Data

[LUA-print] This is a sync from server!

[LUA-print] ssssssssssssssss gamedata update  sssssssss

[LUA-print] ----- player update -----

[LUA-print] ----- player update -----

[LUA-print] ssssssssssssssss gamedata update  sssssssss

[LUA-print] ssssssssssssssss gamedata update  sssssssss

[LUA-print] ssssssssssssssss gamedata update  sssssssss

[LUA-print] 客户端接收到了	Data

[LUA-print] This is a sync from server!

[LUA-print] ssssssssssssssss gamedata update  sssssssss

[LUA-print] ----- player update -----

[LUA-print] ----- player update -----

[LUA-print] ssssssssssssssss gamedata update  sssssssss

[LUA-print] ----- create hurt -----

[LUA-print] ----- add hurt -----

[LUA-print] 20

[LUA-print] ssssssssssssssss gamedata update  sssssssss

[LUA-print] ssssssssssssssss gamedata update  sssssssss

[LUA-print] 客户端接收到了	Data

[LUA-print] This is a sync from server!

[LUA-print] ssssssssssssssss gamedata update  sssssssss

[LUA-print] ----- player update -----

[LUA-print] ----- player update -----

[LUA-print] ssssssssssssssss gamedata update  sssssssss

[LUA-print] ssssssssssssssss gamedata update  sssssssss

[LUA-print] ssssssssssssssss gamedata update  sssssssss

[LUA-print] 客户端接收到了	Data

[LUA-print] This is a sync from server!

[LUA-print] ssssssssssssssss gamedata update  sssssssss

[LUA-print] ----- player update -----

[LUA-print] ----- player update -----

[LUA-print] ssssssssssssssss gamedata update  sssssssss

[LUA-print] ----- create hurt -----

[LUA-print] ----- add hurt -----

[LUA-print] 20

[LUA-print] ssssssssssssssss gamedata update  sssssssss

[LUA-print] ssssssssssssssss gamedata update  sssssssss

[LUA-print] 客户端接收到了	Data

[LUA-print] This is a sync from server!

[LUA-print] ssssssssssssssss gamedata update  sssssssss

[LUA-print] ----- player update -----

[LUA-print] ----- player update -----

[LUA-print] ssssssssssssssss gamedata update  sssssssss

[LUA-print] ssssssssssssssss gamedata update  sssssssss

[LUA-print] ssssssssssssssss gamedata update  sssssssss

[LUA-print] 客户端接收到了	Data

[LUA-print] This is a sync from server!

[LUA-print] ssssssssssssssss gamedata update  sssssssss

[LUA-print] ----- player update -----

[LUA-print] ----- player update -----

[LUA-print] ssssssssssssssss gamedata update  sssssssss

[LUA-print] ssssssssssssssss gamedata update  sssssssss

[LUA-print] ssssssssssssssss gamedata update  sssssssss

[LUA-print] 客户端接收到了	Data

[LUA-print] This is a sync from server!

[LUA-print] ssssssssssssssss gamedata update  sssssssss

[LUA-print] ----- player update -----

[LUA-print] ----- player update -----

[LUA-print] ssssssssssssssss gamedata update  sssssssss

[LUA-print] ssssssssssssssss gamedata update  sssssssss

[LUA-print] ssssssssssssssss gamedata update  sssssssss

[LUA-print] 客户端接收到了	Data

[LUA-print] This is a sync from server!

[LUA-print] ssssssssssssssss gamedata update  sssssssss

[LUA-print] ----- player update -----

[LUA-print] ----- player update -----

[LUA-print] ssssssssssssssss gamedata update  sssssssss

[LUA-print] ----- create hurt -----

[LUA-print] ----- add hurt -----

[LUA-print] 20

[LUA-print] ssssssssssssssss gamedata update  sssssssss

[LUA-print] ssssssssssssssss gamedata update  sssssssss

[LUA-print] 客户端接收到了	Data

[LUA-print] This is a sync from server!

[LUA-print] ssssssssssssssss gamedata update  sssssssss

[LUA-print] ----- player update -----

[LUA-print] ----- player update -----

[LUA-print] ssssssssssssssss gamedata update  sssssssss

[LUA-print] ssssssssssssssss gamedata update  sssssssss

[LUA-print] ssssssssssssssss gamedata update  sssssssss

[LUA-print] 客户端接收到了	Data[LUA[LUA-print] This is a sync from server[LUA-[LUA-print] ssssssssssssssss gamedata [LUA-print] sssssssss[LUA-print] ----- player update -----[LU[LUA-print] ----- player update -----[LU[LUA-print] ssssssssssssssss gamedata update  sssssssss

[LUA-print] ssssssssssssssss gamedata update  sssssssss

[LUA-print] ssssssssssssssss gamedata update  sssssssss

[LUA-print] 客户端接收到了	Data[LUA[LUA-print] This is a sync from server!

[LUA-print] ssssssssssssssss gamedata [LUA-print] sssssssss[LUA-print] ----- player update -----[LU[LUA-print] ----- player update -----[LU[LUA-print] ssssssssssssssss gamedata [LUA-print] sssssssss[LUA-print] ----- create hurt -----
[[LUA-print] ----- add hurt -----

[LUA-print] 20

[LUA-print] ssssssssssssssss gamedata [LUA-print] sssssssss[LUA-print] ssssssssssssssss gamedata [LUA-print] sssssssss[LUA-print] 客户端接收到了	Clos[LUA-print] 客户端接收到了	Closed

